<?xml version="1.0" encoding="UTF-8"?>
<testng-results skipped="0" failed="0" ignored="0" total="1" passed="1">
  <reporter-output>
  </reporter-output>
  <suite name="Default suite" duration-ms="3059" started-at="2020-05-20T19:22:08Z" finished-at="2020-05-20T19:22:11Z">
    <groups>
    </groups>
    <test name="Default test" duration-ms="3059" started-at="2020-05-20T19:22:08Z" finished-at="2020-05-20T19:22:11Z">
      <class name="restassuredtraining.QuearyParameter">
        <test-method status="PASS" signature="queryParameter()[pri:0, instance:restassuredtraining.QuearyParameter@46d56d67]" name="queryParameter" duration-ms="3031" started-at="2020-05-20T19:22:08Z" finished-at="2020-05-20T19:22:11Z">
          <reporter-output>
          </reporter-output>
        </test-method> <!-- queryParameter -->
      </class> <!-- restassuredtraining.QuearyParameter -->
    </test> <!-- Default test -->
  </suite> <!-- Default suite -->
</testng-results>
